0	1	mikroCPIC1618.exe -MSF -DBG -pP18F87K22 -RA -DL -O11111114 -fo64 -N"D:\Armando\OneDrive\PROJECTS\2024\2024-06-13 - PIC18 GNSS GPS Tracking, Accelerometer and Magnetometer\6. CODE\6DOF IMU Click\Click_6DOF_IMU_PIC.mcppi" -SP"C:\Users\Public\Documents\Mikroelektronika\mikroC PRO for PIC\Defs\" -SP"C:\Users\Public\Documents\Mikroelektronika\mikroC PRO for PIC\uses\P18\" -SP"D:\Armando\OneDrive\PROJECTS\2024\2024-06-13 - PIC18 GNSS GPS Tracking, Accelerometer and Magnetometer\6. CODE\6DOF IMU Click\" -SP"C:\Users\Public\Documents\Mikroelektronika\mikroC PRO for PIC\Packages\mikroBUS Board Definition API\Uses\" -SP"C:\Users\Public\Documents\Mikroelektronika\mikroC PRO for PIC\Packages\6DOF IMU Click\Uses\" -IP"C:\Users\Public\Documents\Mikroelektronika\mikroC PRO for PIC\uses\P18\" -IP"D:\Armando\OneDrive\PROJECTS\2024\2024-06-13 - PIC18 GNSS GPS Tracking, Accelerometer and Magnetometer\6. CODE\6DOF IMU Click\" -IP"C:\Users\Public\Documents\Mikroelektronika\mikroC PRO for PIC\Packages\mikroBUS Board Definition API\Uses\" -IP"C:\Users\Public\Documents\Mikroelektronika\mikroC PRO for PIC\Packages\6DOF IMU Click\Uses\" "Click_6DOF_IMU_PIC.c" "__Lib_Math.mcl" "__Lib_MathDouble.mcl" "__Lib_System.mcl" "__Lib_Delays.mcl" "__Lib_CString.mcl" "__Lib_Conversions.mcl" "__Lib_I2C_c34d65_k22_k90.mcl" "__Lib_UART_c67g12.mcl" "easypicpro_v7_P18F87K22.mcl" "6DOF_IMU_P18.mcl" "Click_6DOF_IMU.pld"	 
hint: 0	1139	Available RAM: 3841 [bytes], Available ROM: 131072 [bytes]	 
diagnostics: 0	122	Compilation Started	P18F87K22.c
diagnostics: 3486	123	Compiled Successfully	P18F87K22.c
diagnostics: 0	122	Compilation Started	__Lib_Delays.c
diagnostics: 172	123	Compiled Successfully	__Lib_Delays.c
diagnostics: 0	122	Compilation Started	stdint.h
warning: 17	1509	Generated baud rate is 4808 bps (error = 0.17 percent)	__epp_18f87k22_log.c
warning: 18	1509	Generated baud rate is 9615 bps (error = 0.16 percent)	__epp_18f87k22_log.c
warning: 19	1509	Generated baud rate is 19231 bps (error = 0.16 percent)	__epp_18f87k22_log.c
warning: 20	1509	Generated baud rate is 38462 bps (error = 0.16 percent)	__epp_18f87k22_log.c
warning: 21	1509	Generated baud rate is 57971 bps (error = 0.64 percent)	__epp_18f87k22_log.c
warning: 22	1509	Generated baud rate is 114286 bps (error = 0.79 percent)	__epp_18f87k22_log.c
warning: 33	1509	Generated baud rate is 4808 bps (error = 0.17 percent)	__epp_18f87k22_log.c
warning: 34	1509	Generated baud rate is 9615 bps (error = 0.16 percent)	__epp_18f87k22_log.c
warning: 35	1509	Generated baud rate is 19231 bps (error = 0.16 percent)	__epp_18f87k22_log.c
warning: 36	1509	Generated baud rate is 38462 bps (error = 0.16 percent)	__epp_18f87k22_log.c
warning: 37	1509	Generated baud rate is 57971 bps (error = 0.64 percent)	__epp_18f87k22_log.c
warning: 38	1509	Generated baud rate is 114286 bps (error = 0.79 percent)	__epp_18f87k22_log.c
warning: 65	1509	Generated baud rate is 4808 bps (error = 0.17 percent)	__epp_18f87k22_log.c
warning: 66	1509	Generated baud rate is 9615 bps (error = 0.16 percent)	__epp_18f87k22_log.c
warning: 67	1509	Generated baud rate is 19231 bps (error = 0.16 percent)	__epp_18f87k22_log.c
warning: 68	1509	Generated baud rate is 38462 bps (error = 0.16 percent)	__epp_18f87k22_log.c
warning: 69	1509	Generated baud rate is 57971 bps (error = 0.64 percent)	__epp_18f87k22_log.c
warning: 70	1509	Generated baud rate is 114286 bps (error = 0.79 percent)	__epp_18f87k22_log.c
diagnostics: 349	123	Compiled Successfully	easypicpro_v7_P18F87K22.c
diagnostics: 0	122	Compilation Started	stdint.h
diagnostics: 126	123	Compiled Successfully	Click_6DOF_IMU_PIC.c
diagnostics: 0	127	All files Compiled in 78 ms	 
hint: 0	1144	Used RAM (bytes): 465 (12%)  Free RAM (bytes): 3376 (88%)	Used RAM (bytes): 465 (12%)  Free RAM (bytes): 3376 (88%)
hint: 0	1144	Used ROM (bytes): 10950 (8%)  Free ROM (bytes): 120122 (92%)	Used ROM (bytes): 10950 (8%)  Free ROM (bytes): 120122 (92%)
diagnostics: 0	125	Project Linked Successfully	Click_6DOF_IMU_PIC.mcppi
diagnostics: 0	128	Linked in 62 ms	 
diagnostics: 0	129	Project 'Click_6DOF_IMU_PIC.mcppi' completed: 515 ms	 
diagnostics: 0	103	Finished successfully: 03 jul. 2024, 15:08:29	Click_6DOF_IMU_PIC.mcppi
